Arguments: 
  D:\Program Files\nodejs\node.exe C:\Program Files (x86)\Yarn\bin\yarn.js install

PATH: 
  C:\Windows\system32;C:\Windows;C:\Windows\System32\Wbem;C:\Windows\System32\WindowsPowerShell\v1.0\;D:\Program Files\TortoiseSVN\bin;C:\Program Files (x86)\Java\jdk1.7.0_80\bin;C:\Program Files (x86)\Java\jdk1.7.0_80\jre\bin;D:\Program Files (x86)\CodeSmith\v6.5\;D:\Program Files\nodejs\;D:\Program Files\nodejs\node_global\;C:\Program Files (x86)\Yarn\bin;C:\Users\Administrator\AppData\Roaming\npm;d:\Program Files (x86)\Microsoft VS Code\bin;C:\Users\Administrator\AppData\Local\Yarn\.bin

Yarn version: 
  0.20.3

Node version: 
  6.2.1

Platform: 
  win32 x64

npm manifest: 
  {
    "name": "sell",
    "version": "1.0.0",
    "description": "sell app",
    "author": "ustbhuangyi <280309453@qq.com>",
    "private": true,
    "scripts": {
      "dev": "node build/dev-server.js",
      "build": "node build/build.js",
      "test": "",
      "lint": "eslint --ext .js,.vue src test/unit/specs test/e2e/specs"
    },
    "dependencies": {
      "vue": "^1.0.21",
      "vue-router": "^0.7.13",
      "vue-resource": "^1.0.1",
      "babel-runtime": "^6.0.0",
      "better-scroll": "^0.1.7"
    },
    "devDependencies": {
      "babel-core": "^6.0.0",
      "babel-eslint": "^6.1.2",
      "babel-loader": "^6.0.0",
      "babel-plugin-transform-runtime": "^6.0.0",
      "babel-preset-es2015": "^6.0.0",
      "babel-preset-stage-2": "^6.0.0",
      "babel-register": "^6.0.0",
      "connect-history-api-fallback": "^1.1.0",
      "css-loader": "^0.23.0",
      "stylus-loader": "^2.1.1",
      "eslint": "^2.10.2",
      "eslint-friendly-formatter": "^2.0.5",
      "eslint-loader": "^1.3.0",
      "eslint-plugin-html": "^1.3.0",
      "eslint-config-standard": "^5.1.0",
      "eslint-plugin-promise": "^1.0.8",
      "eslint-plugin-standard": "^1.3.2",
      "eventsource-polyfill": "^0.9.6",
      "express": "^4.13.3",
      "extract-text-webpack-plugin": "^1.0.1",
      "file-loader": "^0.8.4",
      "function-bind": "^1.0.2",
      "html-webpack-plugin": "^2.8.1",
      "http-proxy-middleware": "^0.12.0",
      "json-loader": "^0.5.4",
      "ora": "^0.2.0",
      "shelljs": "^0.6.0",
      "url-loader": "^0.5.7",
      "vue-hot-reload-api": "^1.2.0",
      "vue-html-loader": "^1.0.0",
      "vue-loader": "^8.3.0",
      "vue-style-loader": "^1.0.0",
      "webpack": "^1.12.2",
      "webpack-dev-middleware": "^1.4.0",
      "webpack-hot-middleware": "^2.6.0",
      "webpack-merge": "^0.8.3"
    }
  }

yarn manifest: 
  No manifest

Lockfile: 
  No lockfile

Trace: 
  Error: https://registry.yarnpkg.com/babel-core: tunneling socket could not be established, cause=connect ECONNREFUSED 127.0.0.1:8087
      at ClientRequest.onError (C:\Program Files (x86)\Yarn\node_modules\tunnel-agent\index.js:176:17)
      at ClientRequest.g (events.js:286:16)
      at emitOne (events.js:96:13)
      at ClientRequest.emit (events.js:188:7)
      at Socket.socketErrorListener (_http_client.js:306:9)
      at emitOne (events.js:96:13)
      at Socket.emit (events.js:188:7)
      at emitErrorNT (net.js:1272:8)
      at _combinedTickCallback (internal/process/next_tick.js:74:11)
      at process._tickCallback (internal/process/next_tick.js:98:9)
